running egg_info
creating build/pcd2scan_slam_toolbox/pcd2scan_slam_toolbox.egg-info
writing build/pcd2scan_slam_toolbox/pcd2scan_slam_toolbox.egg-info/PKG-INFO
writing dependency_links to build/pcd2scan_slam_toolbox/pcd2scan_slam_toolbox.egg-info/dependency_links.txt
writing entry points to build/pcd2scan_slam_toolbox/pcd2scan_slam_toolbox.egg-info/entry_points.txt
writing requirements to build/pcd2scan_slam_toolbox/pcd2scan_slam_toolbox.egg-info/requires.txt
writing top-level names to build/pcd2scan_slam_toolbox/pcd2scan_slam_toolbox.egg-info/top_level.txt
writing manifest file 'build/pcd2scan_slam_toolbox/pcd2scan_slam_toolbox.egg-info/SOURCES.txt'
reading manifest file 'build/pcd2scan_slam_toolbox/pcd2scan_slam_toolbox.egg-info/SOURCES.txt'
writing manifest file 'build/pcd2scan_slam_toolbox/pcd2scan_slam_toolbox.egg-info/SOURCES.txt'
running build
running build_py
creating /home/wudi/slam/pcd2scan_slam_toolbox/build/pcd2scan_slam_toolbox/build
creating /home/wudi/slam/pcd2scan_slam_toolbox/build/pcd2scan_slam_toolbox/build/lib
creating /home/wudi/slam/pcd2scan_slam_toolbox/build/pcd2scan_slam_toolbox/build/lib/pcd2scan_slam_toolbox
copying pcd2scan_slam_toolbox/imu_gps_logger.py -> /home/wudi/slam/pcd2scan_slam_toolbox/build/pcd2scan_slam_toolbox/build/lib/pcd2scan_slam_toolbox
copying pcd2scan_slam_toolbox/utm_to_tf.py -> /home/wudi/slam/pcd2scan_slam_toolbox/build/pcd2scan_slam_toolbox/build/lib/pcd2scan_slam_toolbox
copying pcd2scan_slam_toolbox/png_map_publisher.py -> /home/wudi/slam/pcd2scan_slam_toolbox/build/pcd2scan_slam_toolbox/build/lib/pcd2scan_slam_toolbox
copying pcd2scan_slam_toolbox/astar_planner_node.py -> /home/wudi/slam/pcd2scan_slam_toolbox/build/pcd2scan_slam_toolbox/build/lib/pcd2scan_slam_toolbox
copying pcd2scan_slam_toolbox/__init__.py -> /home/wudi/slam/pcd2scan_slam_toolbox/build/pcd2scan_slam_toolbox/build/lib/pcd2scan_slam_toolbox
copying pcd2scan_slam_toolbox/local_path_planner_node.py -> /home/wudi/slam/pcd2scan_slam_toolbox/build/pcd2scan_slam_toolbox/build/lib/pcd2scan_slam_toolbox
copying pcd2scan_slam_toolbox/imu_node.py -> /home/wudi/slam/pcd2scan_slam_toolbox/build/pcd2scan_slam_toolbox/build/lib/pcd2scan_slam_toolbox
copying pcd2scan_slam_toolbox/ground_removal_to_scan_simple.py -> /home/wudi/slam/pcd2scan_slam_toolbox/build/pcd2scan_slam_toolbox/build/lib/pcd2scan_slam_toolbox
copying pcd2scan_slam_toolbox/old_time_ground_removal_to_scan_simple.py -> /home/wudi/slam/pcd2scan_slam_toolbox/build/pcd2scan_slam_toolbox/build/lib/pcd2scan_slam_toolbox
copying pcd2scan_slam_toolbox/offline_utm_to_tf.py -> /home/wudi/slam/pcd2scan_slam_toolbox/build/pcd2scan_slam_toolbox/build/lib/pcd2scan_slam_toolbox
copying pcd2scan_slam_toolbox/can_use.py -> /home/wudi/slam/pcd2scan_slam_toolbox/build/pcd2scan_slam_toolbox/build/lib/pcd2scan_slam_toolbox
copying pcd2scan_slam_toolbox/ground_removal_to_scan_ros2.py -> /home/wudi/slam/pcd2scan_slam_toolbox/build/pcd2scan_slam_toolbox/build/lib/pcd2scan_slam_toolbox
copying pcd2scan_slam_toolbox/ground_removal_to_scan.py -> /home/wudi/slam/pcd2scan_slam_toolbox/build/pcd2scan_slam_toolbox/build/lib/pcd2scan_slam_toolbox
copying pcd2scan_slam_toolbox/online_utm_to_tf.py -> /home/wudi/slam/pcd2scan_slam_toolbox/build/pcd2scan_slam_toolbox/build/lib/pcd2scan_slam_toolbox
creating /home/wudi/slam/pcd2scan_slam_toolbox/build/pcd2scan_slam_toolbox/build/lib/pcd2scan_slam_toolbox/perception
copying pcd2scan_slam_toolbox/perception/__init__.py -> /home/wudi/slam/pcd2scan_slam_toolbox/build/pcd2scan_slam_toolbox/build/lib/pcd2scan_slam_toolbox/perception
copying pcd2scan_slam_toolbox/perception/lidar_obstacle_viz_node.py -> /home/wudi/slam/pcd2scan_slam_toolbox/build/pcd2scan_slam_toolbox/build/lib/pcd2scan_slam_toolbox/perception
copying pcd2scan_slam_toolbox/perception/lidar_detector_open3d_node.py -> /home/wudi/slam/pcd2scan_slam_toolbox/build/pcd2scan_slam_toolbox/build/lib/pcd2scan_slam_toolbox/perception
copying pcd2scan_slam_toolbox/perception/lidar_detector_node.py -> /home/wudi/slam/pcd2scan_slam_toolbox/build/pcd2scan_slam_toolbox/build/lib/pcd2scan_slam_toolbox/perception
running install
running install_lib
creating /home/wudi/slam/pcd2scan_slam_toolbox/install/pcd2scan_slam_toolbox/lib/python3.8/site-packages/pcd2scan_slam_toolbox
copying /home/wudi/slam/pcd2scan_slam_toolbox/build/pcd2scan_slam_toolbox/build/lib/pcd2scan_slam_toolbox/imu_gps_logger.py -> /home/wudi/slam/pcd2scan_slam_toolbox/install/pcd2scan_slam_toolbox/lib/python3.8/site-packages/pcd2scan_slam_toolbox
copying /home/wudi/slam/pcd2scan_slam_toolbox/build/pcd2scan_slam_toolbox/build/lib/pcd2scan_slam_toolbox/utm_to_tf.py -> /home/wudi/slam/pcd2scan_slam_toolbox/install/pcd2scan_slam_toolbox/lib/python3.8/site-packages/pcd2scan_slam_toolbox
copying /home/wudi/slam/pcd2scan_slam_toolbox/build/pcd2scan_slam_toolbox/build/lib/pcd2scan_slam_toolbox/png_map_publisher.py -> /home/wudi/slam/pcd2scan_slam_toolbox/install/pcd2scan_slam_toolbox/lib/python3.8/site-packages/pcd2scan_slam_toolbox
copying /home/wudi/slam/pcd2scan_slam_toolbox/build/pcd2scan_slam_toolbox/build/lib/pcd2scan_slam_toolbox/astar_planner_node.py -> /home/wudi/slam/pcd2scan_slam_toolbox/install/pcd2scan_slam_toolbox/lib/python3.8/site-packages/pcd2scan_slam_toolbox
copying /home/wudi/slam/pcd2scan_slam_toolbox/build/pcd2scan_slam_toolbox/build/lib/pcd2scan_slam_toolbox/__init__.py -> /home/wudi/slam/pcd2scan_slam_toolbox/install/pcd2scan_slam_toolbox/lib/python3.8/site-packages/pcd2scan_slam_toolbox
copying /home/wudi/slam/pcd2scan_slam_toolbox/build/pcd2scan_slam_toolbox/build/lib/pcd2scan_slam_toolbox/local_path_planner_node.py -> /home/wudi/slam/pcd2scan_slam_toolbox/install/pcd2scan_slam_toolbox/lib/python3.8/site-packages/pcd2scan_slam_toolbox
copying /home/wudi/slam/pcd2scan_slam_toolbox/build/pcd2scan_slam_toolbox/build/lib/pcd2scan_slam_toolbox/imu_node.py -> /home/wudi/slam/pcd2scan_slam_toolbox/install/pcd2scan_slam_toolbox/lib/python3.8/site-packages/pcd2scan_slam_toolbox
copying /home/wudi/slam/pcd2scan_slam_toolbox/build/pcd2scan_slam_toolbox/build/lib/pcd2scan_slam_toolbox/ground_removal_to_scan_simple.py -> /home/wudi/slam/pcd2scan_slam_toolbox/install/pcd2scan_slam_toolbox/lib/python3.8/site-packages/pcd2scan_slam_toolbox
copying /home/wudi/slam/pcd2scan_slam_toolbox/build/pcd2scan_slam_toolbox/build/lib/pcd2scan_slam_toolbox/old_time_ground_removal_to_scan_simple.py -> /home/wudi/slam/pcd2scan_slam_toolbox/install/pcd2scan_slam_toolbox/lib/python3.8/site-packages/pcd2scan_slam_toolbox
copying /home/wudi/slam/pcd2scan_slam_toolbox/build/pcd2scan_slam_toolbox/build/lib/pcd2scan_slam_toolbox/offline_utm_to_tf.py -> /home/wudi/slam/pcd2scan_slam_toolbox/install/pcd2scan_slam_toolbox/lib/python3.8/site-packages/pcd2scan_slam_toolbox
copying /home/wudi/slam/pcd2scan_slam_toolbox/build/pcd2scan_slam_toolbox/build/lib/pcd2scan_slam_toolbox/can_use.py -> /home/wudi/slam/pcd2scan_slam_toolbox/install/pcd2scan_slam_toolbox/lib/python3.8/site-packages/pcd2scan_slam_toolbox
copying /home/wudi/slam/pcd2scan_slam_toolbox/build/pcd2scan_slam_toolbox/build/lib/pcd2scan_slam_toolbox/ground_removal_to_scan_ros2.py -> /home/wudi/slam/pcd2scan_slam_toolbox/install/pcd2scan_slam_toolbox/lib/python3.8/site-packages/pcd2scan_slam_toolbox
creating /home/wudi/slam/pcd2scan_slam_toolbox/install/pcd2scan_slam_toolbox/lib/python3.8/site-packages/pcd2scan_slam_toolbox/perception
copying /home/wudi/slam/pcd2scan_slam_toolbox/build/pcd2scan_slam_toolbox/build/lib/pcd2scan_slam_toolbox/perception/__init__.py -> /home/wudi/slam/pcd2scan_slam_toolbox/install/pcd2scan_slam_toolbox/lib/python3.8/site-packages/pcd2scan_slam_toolbox/perception
copying /home/wudi/slam/pcd2scan_slam_toolbox/build/pcd2scan_slam_toolbox/build/lib/pcd2scan_slam_toolbox/perception/lidar_obstacle_viz_node.py -> /home/wudi/slam/pcd2scan_slam_toolbox/install/pcd2scan_slam_toolbox/lib/python3.8/site-packages/pcd2scan_slam_toolbox/perception
copying /home/wudi/slam/pcd2scan_slam_toolbox/build/pcd2scan_slam_toolbox/build/lib/pcd2scan_slam_toolbox/perception/lidar_detector_open3d_node.py -> /home/wudi/slam/pcd2scan_slam_toolbox/install/pcd2scan_slam_toolbox/lib/python3.8/site-packages/pcd2scan_slam_toolbox/perception
copying /home/wudi/slam/pcd2scan_slam_toolbox/build/pcd2scan_slam_toolbox/build/lib/pcd2scan_slam_toolbox/perception/lidar_detector_node.py -> /home/wudi/slam/pcd2scan_slam_toolbox/install/pcd2scan_slam_toolbox/lib/python3.8/site-packages/pcd2scan_slam_toolbox/perception
copying /home/wudi/slam/pcd2scan_slam_toolbox/build/pcd2scan_slam_toolbox/build/lib/pcd2scan_slam_toolbox/ground_removal_to_scan.py -> /home/wudi/slam/pcd2scan_slam_toolbox/install/pcd2scan_slam_toolbox/lib/python3.8/site-packages/pcd2scan_slam_toolbox
copying /home/wudi/slam/pcd2scan_slam_toolbox/build/pcd2scan_slam_toolbox/build/lib/pcd2scan_slam_toolbox/online_utm_to_tf.py -> /home/wudi/slam/pcd2scan_slam_toolbox/install/pcd2scan_slam_toolbox/lib/python3.8/site-packages/pcd2scan_slam_toolbox
byte-compiling /home/wudi/slam/pcd2scan_slam_toolbox/install/pcd2scan_slam_toolbox/lib/python3.8/site-packages/pcd2scan_slam_toolbox/imu_gps_logger.py to imu_gps_logger.cpython-38.pyc
byte-compiling /home/wudi/slam/pcd2scan_slam_toolbox/install/pcd2scan_slam_toolbox/lib/python3.8/site-packages/pcd2scan_slam_toolbox/utm_to_tf.py to utm_to_tf.cpython-38.pyc
byte-compiling /home/wudi/slam/pcd2scan_slam_toolbox/install/pcd2scan_slam_toolbox/lib/python3.8/site-packages/pcd2scan_slam_toolbox/png_map_publisher.py to png_map_publisher.cpython-38.pyc
byte-compiling /home/wudi/slam/pcd2scan_slam_toolbox/install/pcd2scan_slam_toolbox/lib/python3.8/site-packages/pcd2scan_slam_toolbox/astar_planner_node.py to astar_planner_node.cpython-38.pyc
byte-compiling /home/wudi/slam/pcd2scan_slam_toolbox/install/pcd2scan_slam_toolbox/lib/python3.8/site-packages/pcd2scan_slam_toolbox/__init__.py to __init__.cpython-38.pyc
byte-compiling /home/wudi/slam/pcd2scan_slam_toolbox/install/pcd2scan_slam_toolbox/lib/python3.8/site-packages/pcd2scan_slam_toolbox/local_path_planner_node.py to local_path_planner_node.cpython-38.pyc
byte-compiling /home/wudi/slam/pcd2scan_slam_toolbox/install/pcd2scan_slam_toolbox/lib/python3.8/site-packages/pcd2scan_slam_toolbox/imu_node.py to imu_node.cpython-38.pyc
byte-compiling /home/wudi/slam/pcd2scan_slam_toolbox/install/pcd2scan_slam_toolbox/lib/python3.8/site-packages/pcd2scan_slam_toolbox/ground_removal_to_scan_simple.py to ground_removal_to_scan_simple.cpython-38.pyc
byte-compiling /home/wudi/slam/pcd2scan_slam_toolbox/install/pcd2scan_slam_toolbox/lib/python3.8/site-packages/pcd2scan_slam_toolbox/old_time_ground_removal_to_scan_simple.py to old_time_ground_removal_to_scan_simple.cpython-38.pyc
byte-compiling /home/wudi/slam/pcd2scan_slam_toolbox/install/pcd2scan_slam_toolbox/lib/python3.8/site-packages/pcd2scan_slam_toolbox/offline_utm_to_tf.py to offline_utm_to_tf.cpython-38.pyc
byte-compiling /home/wudi/slam/pcd2scan_slam_toolbox/install/pcd2scan_slam_toolbox/lib/python3.8/site-packages/pcd2scan_slam_toolbox/can_use.py to can_use.cpython-38.pyc
byte-compiling /home/wudi/slam/pcd2scan_slam_toolbox/install/pcd2scan_slam_toolbox/lib/python3.8/site-packages/pcd2scan_slam_toolbox/ground_removal_to_scan_ros2.py to ground_removal_to_scan_ros2.cpython-38.pyc
byte-compiling /home/wudi/slam/pcd2scan_slam_toolbox/install/pcd2scan_slam_toolbox/lib/python3.8/site-packages/pcd2scan_slam_toolbox/perception/__init__.py to __init__.cpython-38.pyc
byte-compiling /home/wudi/slam/pcd2scan_slam_toolbox/install/pcd2scan_slam_toolbox/lib/python3.8/site-packages/pcd2scan_slam_toolbox/perception/lidar_obstacle_viz_node.py to lidar_obstacle_viz_node.cpython-38.pyc
byte-compiling /home/wudi/slam/pcd2scan_slam_toolbox/install/pcd2scan_slam_toolbox/lib/python3.8/site-packages/pcd2scan_slam_toolbox/perception/lidar_detector_open3d_node.py to lidar_detector_open3d_node.cpython-38.pyc
byte-compiling /home/wudi/slam/pcd2scan_slam_toolbox/install/pcd2scan_slam_toolbox/lib/python3.8/site-packages/pcd2scan_slam_toolbox/perception/lidar_detector_node.py to lidar_detector_node.cpython-38.pyc
byte-compiling /home/wudi/slam/pcd2scan_slam_toolbox/install/pcd2scan_slam_toolbox/lib/python3.8/site-packages/pcd2scan_slam_toolbox/ground_removal_to_scan.py to ground_removal_to_scan.cpython-38.pyc
byte-compiling /home/wudi/slam/pcd2scan_slam_toolbox/install/pcd2scan_slam_toolbox/lib/python3.8/site-packages/pcd2scan_slam_toolbox/online_utm_to_tf.py to online_utm_to_tf.cpython-38.pyc
running install_data
creating /home/wudi/slam/pcd2scan_slam_toolbox/install/pcd2scan_slam_toolbox/share/ament_index
creating /home/wudi/slam/pcd2scan_slam_toolbox/install/pcd2scan_slam_toolbox/share/ament_index/resource_index
creating /home/wudi/slam/pcd2scan_slam_toolbox/install/pcd2scan_slam_toolbox/share/ament_index/resource_index/packages
copying resource/pcd2scan_slam_toolbox -> /home/wudi/slam/pcd2scan_slam_toolbox/install/pcd2scan_slam_toolbox/share/ament_index/resource_index/packages
copying package.xml -> /home/wudi/slam/pcd2scan_slam_toolbox/install/pcd2scan_slam_toolbox/share/pcd2scan_slam_toolbox
running install_egg_info
Copying build/pcd2scan_slam_toolbox/pcd2scan_slam_toolbox.egg-info to /home/wudi/slam/pcd2scan_slam_toolbox/install/pcd2scan_slam_toolbox/lib/python3.8/site-packages/pcd2scan_slam_toolbox-0.0.0-py3.8.egg-info
running install_scripts
Installing astar_planner_node script to /home/wudi/slam/pcd2scan_slam_toolbox/install/pcd2scan_slam_toolbox/lib/pcd2scan_slam_toolbox
Installing ground_removal_to_scan script to /home/wudi/slam/pcd2scan_slam_toolbox/install/pcd2scan_slam_toolbox/lib/pcd2scan_slam_toolbox
Installing ground_removal_to_scan_ros2 script to /home/wudi/slam/pcd2scan_slam_toolbox/install/pcd2scan_slam_toolbox/lib/pcd2scan_slam_toolbox
Installing imu_gps_logger script to /home/wudi/slam/pcd2scan_slam_toolbox/install/pcd2scan_slam_toolbox/lib/pcd2scan_slam_toolbox
Installing lidar_detector script to /home/wudi/slam/pcd2scan_slam_toolbox/install/pcd2scan_slam_toolbox/lib/pcd2scan_slam_toolbox
Installing lidar_detector_open3d script to /home/wudi/slam/pcd2scan_slam_toolbox/install/pcd2scan_slam_toolbox/lib/pcd2scan_slam_toolbox
Installing lidar_obstacle_viz script to /home/wudi/slam/pcd2scan_slam_toolbox/install/pcd2scan_slam_toolbox/lib/pcd2scan_slam_toolbox
Installing local_path_planner_node script to /home/wudi/slam/pcd2scan_slam_toolbox/install/pcd2scan_slam_toolbox/lib/pcd2scan_slam_toolbox
Installing offline_utm_to_tf script to /home/wudi/slam/pcd2scan_slam_toolbox/install/pcd2scan_slam_toolbox/lib/pcd2scan_slam_toolbox
Installing old_simple_ground_removal_to_scan script to /home/wudi/slam/pcd2scan_slam_toolbox/install/pcd2scan_slam_toolbox/lib/pcd2scan_slam_toolbox
Installing online_utm_to_tf script to /home/wudi/slam/pcd2scan_slam_toolbox/install/pcd2scan_slam_toolbox/lib/pcd2scan_slam_toolbox
Installing png_map_publisher script to /home/wudi/slam/pcd2scan_slam_toolbox/install/pcd2scan_slam_toolbox/lib/pcd2scan_slam_toolbox
Installing publish_imu script to /home/wudi/slam/pcd2scan_slam_toolbox/install/pcd2scan_slam_toolbox/lib/pcd2scan_slam_toolbox
Installing simple_ground_removal_to_scan script to /home/wudi/slam/pcd2scan_slam_toolbox/install/pcd2scan_slam_toolbox/lib/pcd2scan_slam_toolbox
Installing utm_to_tf script to /home/wudi/slam/pcd2scan_slam_toolbox/install/pcd2scan_slam_toolbox/lib/pcd2scan_slam_toolbox
writing list of installed files to '/home/wudi/slam/pcd2scan_slam_toolbox/build/pcd2scan_slam_toolbox/install.log'
