[3.941s] [34mcolcon[0m [1;30mDEBUG[0m [32mCommand line arguments: ['/usr/bin/colcon', 'build'][0m
[3.941s] [34mcolcon[0m [1;30mDEBUG[0m [32mParsed command line arguments: Namespace(allow_overriding=[], ament_cmake_args=None, base_paths=['.'], build_base='build', catkin_cmake_args=None, catkin_skip_building_tests=False, cmake_args=None, cmake_clean_cache=False, cmake_clean_first=False, cmake_force_configure=False, cmake_target=None, cmake_target_skip_unavailable=False, continue_on_error=False, event_handlers=None, executor='parallel', ignore_user_meta=False, install_base='install', log_base=None, log_level=None, main=<bound method BuildVerb.main of <colcon_core.verb.build.BuildVerb object at 0xffffadbeaee0>>, merge_install=False, metas=['./colcon.meta'], packages_above=None, packages_above_and_dependencies=None, packages_above_depth=None, packages_end=None, packages_ignore=None, packages_ignore_regex=None, packages_select=None, packages_select_build_failed=False, packages_select_by_dep=None, packages_select_regex=None, packages_select_test_failures=False, packages_skip=None, packages_skip_build_finished=False, packages_skip_by_dep=None, packages_skip_regex=None, packages_skip_test_passed=False, packages_skip_up_to=None, packages_start=None, packages_up_to=None, packages_up_to_regex=None, parallel_workers=12, paths=None, symlink_install=False, test_result_base=None, verb_extension=<colcon_core.verb.build.BuildVerb object at 0xffffadbeaee0>, verb_name='build', verb_parser=<colcon_defaults.argument_parser.defaults.DefaultArgumentsDecorator object at 0xffffadb02df0>)[0m
[4.124s] [34mcolcon.colcon_core.package_discovery[0m [1;30mLevel 1[0m discover_packages(colcon_meta) check parameters
[4.124s] [34mcolcon.colcon_core.package_discovery[0m [1;30mLevel 1[0m discover_packages(recursive) check parameters
[4.124s] [34mcolcon.colcon_core.package_discovery[0m [1;30mLevel 1[0m discover_packages(ignore) check parameters
[4.124s] [34mcolcon.colcon_core.package_discovery[0m [1;30mLevel 1[0m discover_packages(path) check parameters
[4.124s] [34mcolcon.colcon_core.package_discovery[0m [1;30mLevel 1[0m discover_packages(colcon_meta) discover
[4.124s] [34mcolcon.colcon_core.package_discovery[0m [1;30mLevel 1[0m discover_packages(recursive) discover
[4.125s] [34mcolcon.colcon_core.package_discovery[0m [1;30mINFO[0m Crawling recursively for packages in '/home/nvidia/vcii/wudi/pcd2scan_slam_toolbox'
[4.125s] [34mcolcon.colcon_core.package_identification[0m [1;30mLevel 1[0m _identify(.) by extensions ['ignore', 'ignore_ament_install']
[4.125s] [34mcolcon.colcon_core.package_identification[0m [1;30mLevel 1[0m _identify(.) by extension 'ignore'
[4.125s] [34mcolcon.colcon_core.package_identification[0m [1;30mLevel 1[0m _identify(.) by extension 'ignore_ament_install'
[4.125s] [34mcolcon.colcon_core.package_identification[0m [1;30mLevel 1[0m _identify(.) by extensions ['colcon_pkg']
[4.125s] [34mcolcon.colcon_core.package_identification[0m [1;30mLevel 1[0m _identify(.) by extension 'colcon_pkg'
[4.125s] [34mcolcon.colcon_core.package_identification[0m [1;30mLevel 1[0m _identify(.) by extensions ['colcon_meta']
[4.125s] [34mcolcon.colcon_core.package_identification[0m [1;30mLevel 1[0m _identify(.) by extension 'colcon_meta'
[4.125s] [34mcolcon.colcon_core.package_identification[0m [1;30mLevel 1[0m _identify(.) by extensions ['ros']
[4.125s] [34mcolcon.colcon_core.package_identification[0m [1;30mLevel 1[0m _identify(.) by extension 'ros'
[4.145s] [34mcolcon.colcon_core.package_identification[0m [1;30mDEBUG[0m [32mPackage '.' with type 'ros.ament_python' and name 'pcd2scan_slam_toolbox'[0m
[4.145s] [34mcolcon.colcon_core.package_discovery[0m [1;30mLevel 1[0m discover_packages(recursive) using defaults
[4.146s] [34mcolcon.colcon_core.package_discovery[0m [1;30mLevel 1[0m discover_packages(ignore) discover
[4.146s] [34mcolcon.colcon_core.package_discovery[0m [1;30mLevel 1[0m discover_packages(ignore) using defaults
[4.146s] [34mcolcon.colcon_core.package_discovery[0m [1;30mLevel 1[0m discover_packages(path) discover
[4.146s] [34mcolcon.colcon_core.package_discovery[0m [1;30mLevel 1[0m discover_packages(path) using defaults
[4.496s] [34mcolcon.colcon_core.package_discovery[0m [1;30mLevel 1[0m discover_packages(prefix_path) check parameters
[4.496s] [34mcolcon.colcon_core.package_discovery[0m [1;30mLevel 1[0m discover_packages(prefix_path) discover
[4.631s] [34mcolcon.colcon_installed_package_information.package_discovery[0m [1;30mDEBUG[0m [32mFound 1 installed packages in /home/nvidia/vcii/wudi/pcd2scan_slam_toolbox/install[0m
[4.698s] [34mcolcon.colcon_installed_package_information.package_discovery[0m [1;30mDEBUG[0m [32mFound 1 installed packages in /home/nvidia/vcii/pointpillar_ros_version/install[0m
[4.793s] [34mcolcon.colcon_installed_package_information.package_discovery[0m [1;30mDEBUG[0m [32mFound 273 installed packages in /opt/ros/foxy[0m
[4.795s] [34mcolcon.colcon_core.package_discovery[0m [1;30mLevel 1[0m discover_packages(prefix_path) using defaults
[5.031s] [34mcolcon.colcon_core.verb[0m [1;30mLevel 5[0m set package 'pcd2scan_slam_toolbox' build argument 'cmake_args' from command line to 'None'
[5.031s] [34mcolcon.colcon_core.verb[0m [1;30mLevel 5[0m set package 'pcd2scan_slam_toolbox' build argument 'cmake_target' from command line to 'None'
[5.031s] [34mcolcon.colcon_core.verb[0m [1;30mLevel 5[0m set package 'pcd2scan_slam_toolbox' build argument 'cmake_target_skip_unavailable' from command line to 'False'
[5.031s] [34mcolcon.colcon_core.verb[0m [1;30mLevel 5[0m set package 'pcd2scan_slam_toolbox' build argument 'cmake_clean_cache' from command line to 'False'
[5.031s] [34mcolcon.colcon_core.verb[0m [1;30mLevel 5[0m set package 'pcd2scan_slam_toolbox' build argument 'cmake_clean_first' from command line to 'False'
[5.031s] [34mcolcon.colcon_core.verb[0m [1;30mLevel 5[0m set package 'pcd2scan_slam_toolbox' build argument 'cmake_force_configure' from command line to 'False'
[5.031s] [34mcolcon.colcon_core.verb[0m [1;30mLevel 5[0m set package 'pcd2scan_slam_toolbox' build argument 'ament_cmake_args' from command line to 'None'
[5.031s] [34mcolcon.colcon_core.verb[0m [1;30mLevel 5[0m set package 'pcd2scan_slam_toolbox' build argument 'catkin_cmake_args' from command line to 'None'
[5.031s] [34mcolcon.colcon_core.verb[0m [1;30mLevel 5[0m set package 'pcd2scan_slam_toolbox' build argument 'catkin_skip_building_tests' from command line to 'False'
[5.031s] [34mcolcon.colcon_core.verb[0m [1;30mDEBUG[0m [32mBuilding package 'pcd2scan_slam_toolbox' with the following arguments: {'ament_cmake_args': None, 'build_base': '/home/nvidia/vcii/wudi/pcd2scan_slam_toolbox/build/pcd2scan_slam_toolbox', 'catkin_cmake_args': None, 'catkin_skip_building_tests': False, 'cmake_args': None, 'cmake_clean_cache': False, 'cmake_clean_first': False, 'cmake_force_configure': False, 'cmake_target': None, 'cmake_target_skip_unavailable': False, 'install_base': '/home/nvidia/vcii/wudi/pcd2scan_slam_toolbox/install/pcd2scan_slam_toolbox', 'merge_install': False, 'path': '/home/nvidia/vcii/wudi/pcd2scan_slam_toolbox', 'symlink_install': False, 'test_result_base': None}[0m
[5.096s] [34mcolcon.colcon_core.executor[0m [1;30mINFO[0m Executing jobs using 'parallel' executor
[5.164s] [34mcolcon.colcon_parallel_executor.executor.parallel[0m [1;30mDEBUG[0m [32mrun_until_complete[0m
[5.164s] [34mcolcon.colcon_ros.task.ament_python.build[0m [1;30mINFO[0m Building ROS package in '/home/nvidia/vcii/wudi/pcd2scan_slam_toolbox' with build type 'ament_python'
[5.165s] [34mcolcon.colcon_core.shell[0m [1;30mLevel 1[0m create_environment_hook('pcd2scan_slam_toolbox', 'ament_prefix_path')
[5.234s] [34mcolcon.colcon_core.plugin_system[0m [1;30mINFO[0m Skipping extension 'colcon_core.shell.bat': Not used on non-Windows systems
[5.234s] [34mcolcon.colcon_core.shell[0m [1;30mINFO[0m Creating environment hook '/home/nvidia/vcii/wudi/pcd2scan_slam_toolbox/install/pcd2scan_slam_toolbox/share/pcd2scan_slam_toolbox/hook/ament_prefix_path.ps1'
[5.235s] [34mcolcon.colcon_core.shell[0m [1;30mINFO[0m Creating environment descriptor '/home/nvidia/vcii/wudi/pcd2scan_slam_toolbox/install/pcd2scan_slam_toolbox/share/pcd2scan_slam_toolbox/hook/ament_prefix_path.dsv'
[5.236s] [34mcolcon.colcon_core.shell[0m [1;30mINFO[0m Creating environment hook '/home/nvidia/vcii/wudi/pcd2scan_slam_toolbox/install/pcd2scan_slam_toolbox/share/pcd2scan_slam_toolbox/hook/ament_prefix_path.sh'
[5.304s] [34mcolcon.colcon_core.shell[0m [1;30mINFO[0m Skip shell extension 'powershell' for command environment: Not usable outside of PowerShell
[5.304s] [34mcolcon.colcon_core.shell[0m [1;30mDEBUG[0m [32mSkip shell extension 'dsv' for command environment[0m
[5.976s] [34mcolcon.colcon_core.task.python.build[0m [1;30mINFO[0m Building Python package in '/home/nvidia/vcii/wudi/pcd2scan_slam_toolbox'
[6.047s] [34mcolcon.colcon_core.shell[0m [1;30mINFO[0m Skip shell extension 'powershell' for command environment: Not usable outside of PowerShell
[6.047s] [34mcolcon.colcon_core.shell[0m [1;30mDEBUG[0m [32mSkip shell extension 'dsv' for command environment[0m
[7.042s] [34mcolcon.colcon_core.event_handler.log_command[0m [1;30mDEBUG[0m [32mInvoking command in '/home/nvidia/vcii/wudi/pcd2scan_slam_toolbox': PYTHONPATH=/home/nvidia/vcii/wudi/pcd2scan_slam_toolbox/build/pcd2scan_slam_toolbox/prefix_override:/home/nvidia/vcii/wudi/pcd2scan_slam_toolbox/install/pcd2scan_slam_toolbox/lib/python3.8/site-packages:${PYTHONPATH} /usr/bin/python3 setup.py egg_info --egg-base build/pcd2scan_slam_toolbox build --build-base /home/nvidia/vcii/wudi/pcd2scan_slam_toolbox/build/pcd2scan_slam_toolbox/build install --record /home/nvidia/vcii/wudi/pcd2scan_slam_toolbox/build/pcd2scan_slam_toolbox/install.log --install-scripts $base/lib/pcd2scan_slam_toolbox --single-version-externally-managed[0m
[7.529s] [34mcolcon.colcon_core.event_handler.log_command[0m [1;30mDEBUG[0m [32mInvoked command in '/home/nvidia/vcii/wudi/pcd2scan_slam_toolbox' returned '0': PYTHONPATH=/home/nvidia/vcii/wudi/pcd2scan_slam_toolbox/build/pcd2scan_slam_toolbox/prefix_override:/home/nvidia/vcii/wudi/pcd2scan_slam_toolbox/install/pcd2scan_slam_toolbox/lib/python3.8/site-packages:${PYTHONPATH} /usr/bin/python3 setup.py egg_info --egg-base build/pcd2scan_slam_toolbox build --build-base /home/nvidia/vcii/wudi/pcd2scan_slam_toolbox/build/pcd2scan_slam_toolbox/build install --record /home/nvidia/vcii/wudi/pcd2scan_slam_toolbox/build/pcd2scan_slam_toolbox/install.log --install-scripts $base/lib/pcd2scan_slam_toolbox --single-version-externally-managed[0m
[7.637s] [34mcolcon.colcon_core.environment[0m [1;30mLevel 1[0m checking '/home/nvidia/vcii/wudi/pcd2scan_slam_toolbox/install/pcd2scan_slam_toolbox' for CMake module files
[7.638s] [34mcolcon.colcon_core.environment[0m [1;30mLevel 1[0m checking '/home/nvidia/vcii/wudi/pcd2scan_slam_toolbox/install/pcd2scan_slam_toolbox' for CMake config files
[7.640s] [34mcolcon.colcon_core.environment[0m [1;30mLevel 1[0m checking '/home/nvidia/vcii/wudi/pcd2scan_slam_toolbox/install/pcd2scan_slam_toolbox/lib'
[7.640s] [34mcolcon.colcon_core.environment[0m [1;30mLevel 1[0m checking '/home/nvidia/vcii/wudi/pcd2scan_slam_toolbox/install/pcd2scan_slam_toolbox/bin'
[7.640s] [34mcolcon.colcon_core.environment[0m [1;30mLevel 1[0m checking '/home/nvidia/vcii/wudi/pcd2scan_slam_toolbox/install/pcd2scan_slam_toolbox/lib/pkgconfig/pcd2scan_slam_toolbox.pc'
[7.640s] [34mcolcon.colcon_core.environment[0m [1;30mLevel 1[0m checking '/home/nvidia/vcii/wudi/pcd2scan_slam_toolbox/install/pcd2scan_slam_toolbox/lib/python3.8/site-packages'
[7.641s] [34mcolcon.colcon_core.shell[0m [1;30mLevel 1[0m create_environment_hook('pcd2scan_slam_toolbox', 'pythonpath')
[7.711s] [34mcolcon.colcon_core.shell[0m [1;30mINFO[0m Creating environment hook '/home/nvidia/vcii/wudi/pcd2scan_slam_toolbox/install/pcd2scan_slam_toolbox/share/pcd2scan_slam_toolbox/hook/pythonpath.ps1'
[7.713s] [34mcolcon.colcon_core.shell[0m [1;30mINFO[0m Creating environment descriptor '/home/nvidia/vcii/wudi/pcd2scan_slam_toolbox/install/pcd2scan_slam_toolbox/share/pcd2scan_slam_toolbox/hook/pythonpath.dsv'
[7.713s] [34mcolcon.colcon_core.shell[0m [1;30mINFO[0m Creating environment hook '/home/nvidia/vcii/wudi/pcd2scan_slam_toolbox/install/pcd2scan_slam_toolbox/share/pcd2scan_slam_toolbox/hook/pythonpath.sh'
[7.714s] [34mcolcon.colcon_core.environment[0m [1;30mLevel 1[0m checking '/home/nvidia/vcii/wudi/pcd2scan_slam_toolbox/install/pcd2scan_slam_toolbox/bin'
[7.714s] [34mcolcon.colcon_core.environment[0m [1;30mLevel 1[0m create_environment_scripts_only(pcd2scan_slam_toolbox)
[7.782s] [34mcolcon.colcon_core.shell[0m [1;30mINFO[0m Creating package script '/home/nvidia/vcii/wudi/pcd2scan_slam_toolbox/install/pcd2scan_slam_toolbox/share/pcd2scan_slam_toolbox/package.ps1'
[7.783s] [34mcolcon.colcon_core.shell[0m [1;30mINFO[0m Creating package descriptor '/home/nvidia/vcii/wudi/pcd2scan_slam_toolbox/install/pcd2scan_slam_toolbox/share/pcd2scan_slam_toolbox/package.dsv'
[7.784s] [34mcolcon.colcon_core.shell[0m [1;30mINFO[0m Creating package script '/home/nvidia/vcii/wudi/pcd2scan_slam_toolbox/install/pcd2scan_slam_toolbox/share/pcd2scan_slam_toolbox/package.sh'
[7.785s] [34mcolcon.colcon_core.shell[0m [1;30mINFO[0m Creating package script '/home/nvidia/vcii/wudi/pcd2scan_slam_toolbox/install/pcd2scan_slam_toolbox/share/pcd2scan_slam_toolbox/package.bash'
[7.786s] [34mcolcon.colcon_core.shell[0m [1;30mINFO[0m Creating package script '/home/nvidia/vcii/wudi/pcd2scan_slam_toolbox/install/pcd2scan_slam_toolbox/share/pcd2scan_slam_toolbox/package.zsh'
[7.787s] [34mcolcon.colcon_core.environment[0m [1;30mLevel 1[0m create_file_with_runtime_dependencies(/home/nvidia/vcii/wudi/pcd2scan_slam_toolbox/install/pcd2scan_slam_toolbox/share/colcon-core/packages/pcd2scan_slam_toolbox)
[7.788s] [34mcolcon.colcon_parallel_executor.executor.parallel[0m [1;30mDEBUG[0m [32mclosing loop[0m
[7.788s] [34mcolcon.colcon_parallel_executor.executor.parallel[0m [1;30mDEBUG[0m [32mloop closed[0m
[7.788s] [34mcolcon.colcon_parallel_executor.executor.parallel[0m [1;30mDEBUG[0m [32mrun_until_complete finished with '0'[0m
[7.788s] [34mcolcon.colcon_core.event_reactor[0m [1;30mDEBUG[0m [32mjoining thread[0m
[7.864s] [34mcolcon.colcon_core.plugin_system[0m [1;30mINFO[0m Skipping extension 'colcon_notification.desktop_notification.terminal_notifier': Not used on non-Darwin systems
[7.864s] [34mcolcon.colcon_core.plugin_system[0m [1;30mINFO[0m Skipping extension 'colcon_notification.desktop_notification.win32': Not used on non-Windows systems
[7.865s] [34mcolcon.colcon_notification.desktop_notification[0m [1;30mINFO[0m Sending desktop notification using 'notify2'
[7.902s] [34mcolcon.colcon_core.event_reactor[0m [1;30mDEBUG[0m [32mjoined thread[0m
[7.969s] [34mcolcon.colcon_core.shell[0m [1;30mINFO[0m Creating prefix script '/home/nvidia/vcii/wudi/pcd2scan_slam_toolbox/install/local_setup.ps1'
[7.971s] [34mcolcon.colcon_core.shell[0m [1;30mINFO[0m Creating prefix util module '/home/nvidia/vcii/wudi/pcd2scan_slam_toolbox/install/_local_setup_util_ps1.py'
[7.973s] [34mcolcon.colcon_core.shell[0m [1;30mINFO[0m Creating prefix chain script '/home/nvidia/vcii/wudi/pcd2scan_slam_toolbox/install/setup.ps1'
[8.041s] [34mcolcon.colcon_core.shell[0m [1;30mINFO[0m Creating prefix script '/home/nvidia/vcii/wudi/pcd2scan_slam_toolbox/install/local_setup.sh'
[8.042s] [34mcolcon.colcon_core.shell[0m [1;30mINFO[0m Creating prefix util module '/home/nvidia/vcii/wudi/pcd2scan_slam_toolbox/install/_local_setup_util_sh.py'
[8.042s] [34mcolcon.colcon_core.shell[0m [1;30mINFO[0m Creating prefix chain script '/home/nvidia/vcii/wudi/pcd2scan_slam_toolbox/install/setup.sh'
[8.111s] [34mcolcon.colcon_core.shell[0m [1;30mINFO[0m Creating prefix script '/home/nvidia/vcii/wudi/pcd2scan_slam_toolbox/install/local_setup.bash'
[8.111s] [34mcolcon.colcon_core.shell[0m [1;30mINFO[0m Creating prefix chain script '/home/nvidia/vcii/wudi/pcd2scan_slam_toolbox/install/setup.bash'
[8.180s] [34mcolcon.colcon_core.shell[0m [1;30mINFO[0m Creating prefix script '/home/nvidia/vcii/wudi/pcd2scan_slam_toolbox/install/local_setup.zsh'
[8.181s] [34mcolcon.colcon_core.shell[0m [1;30mINFO[0m Creating prefix chain script '/home/nvidia/vcii/wudi/pcd2scan_slam_toolbox/install/setup.zsh'
