[0.480s] Invoking command in '/home/wudi/slam/pcd2scan_slam_toolbox': PYTHONPATH=/home/wudi/slam/pcd2scan_slam_toolbox/build/pcd2scan_slam_toolbox/prefix_override:/usr/lib/python3/dist-packages/colcon_core/task/python/colcon_distutils_commands:/home/wudi/slam/pcd2scan_slam_toolbox/install/pcd2scan_slam_toolbox/lib/python3.8/site-packages:${PYTHONPATH} /usr/bin/python3 -W ignore:setup.py install is deprecated -W ignore:easy_install command is deprecated setup.py egg_info --egg-base build/pcd2scan_slam_toolbox build --build-base /home/wudi/slam/pcd2scan_slam_toolbox/build/pcd2scan_slam_toolbox/build install --record /home/wudi/slam/pcd2scan_slam_toolbox/build/pcd2scan_slam_toolbox/install.log --install-scripts $base/lib/pcd2scan_slam_toolbox --single-version-externally-managed install_data
[0.623s] running egg_info
[0.623s] creating build/pcd2scan_slam_toolbox/pcd2scan_slam_toolbox.egg-info
[0.623s] writing build/pcd2scan_slam_toolbox/pcd2scan_slam_toolbox.egg-info/PKG-INFO
[0.623s] writing dependency_links to build/pcd2scan_slam_toolbox/pcd2scan_slam_toolbox.egg-info/dependency_links.txt
[0.623s] writing entry points to build/pcd2scan_slam_toolbox/pcd2scan_slam_toolbox.egg-info/entry_points.txt
[0.623s] writing requirements to build/pcd2scan_slam_toolbox/pcd2scan_slam_toolbox.egg-info/requires.txt
[0.624s] writing top-level names to build/pcd2scan_slam_toolbox/pcd2scan_slam_toolbox.egg-info/top_level.txt
[0.628s] writing manifest file 'build/pcd2scan_slam_toolbox/pcd2scan_slam_toolbox.egg-info/SOURCES.txt'
[0.648s] reading manifest file 'build/pcd2scan_slam_toolbox/pcd2scan_slam_toolbox.egg-info/SOURCES.txt'
[0.648s] writing manifest file 'build/pcd2scan_slam_toolbox/pcd2scan_slam_toolbox.egg-info/SOURCES.txt'
[0.648s] running build
[0.648s] running build_py
[0.648s] creating /home/wudi/slam/pcd2scan_slam_toolbox/build/pcd2scan_slam_toolbox/build
[0.649s] creating /home/wudi/slam/pcd2scan_slam_toolbox/build/pcd2scan_slam_toolbox/build/lib
[0.649s] creating /home/wudi/slam/pcd2scan_slam_toolbox/build/pcd2scan_slam_toolbox/build/lib/pcd2scan_slam_toolbox
[0.649s] copying pcd2scan_slam_toolbox/imu_gps_logger.py -> /home/wudi/slam/pcd2scan_slam_toolbox/build/pcd2scan_slam_toolbox/build/lib/pcd2scan_slam_toolbox
[0.649s] copying pcd2scan_slam_toolbox/utm_to_tf.py -> /home/wudi/slam/pcd2scan_slam_toolbox/build/pcd2scan_slam_toolbox/build/lib/pcd2scan_slam_toolbox
[0.649s] copying pcd2scan_slam_toolbox/png_map_publisher.py -> /home/wudi/slam/pcd2scan_slam_toolbox/build/pcd2scan_slam_toolbox/build/lib/pcd2scan_slam_toolbox
[0.649s] copying pcd2scan_slam_toolbox/astar_planner_node.py -> /home/wudi/slam/pcd2scan_slam_toolbox/build/pcd2scan_slam_toolbox/build/lib/pcd2scan_slam_toolbox
[0.649s] copying pcd2scan_slam_toolbox/__init__.py -> /home/wudi/slam/pcd2scan_slam_toolbox/build/pcd2scan_slam_toolbox/build/lib/pcd2scan_slam_toolbox
[0.649s] copying pcd2scan_slam_toolbox/local_path_planner_node.py -> /home/wudi/slam/pcd2scan_slam_toolbox/build/pcd2scan_slam_toolbox/build/lib/pcd2scan_slam_toolbox
[0.649s] copying pcd2scan_slam_toolbox/imu_node.py -> /home/wudi/slam/pcd2scan_slam_toolbox/build/pcd2scan_slam_toolbox/build/lib/pcd2scan_slam_toolbox
[0.649s] copying pcd2scan_slam_toolbox/ground_removal_to_scan_simple.py -> /home/wudi/slam/pcd2scan_slam_toolbox/build/pcd2scan_slam_toolbox/build/lib/pcd2scan_slam_toolbox
[0.649s] copying pcd2scan_slam_toolbox/old_time_ground_removal_to_scan_simple.py -> /home/wudi/slam/pcd2scan_slam_toolbox/build/pcd2scan_slam_toolbox/build/lib/pcd2scan_slam_toolbox
[0.649s] copying pcd2scan_slam_toolbox/offline_utm_to_tf.py -> /home/wudi/slam/pcd2scan_slam_toolbox/build/pcd2scan_slam_toolbox/build/lib/pcd2scan_slam_toolbox
[0.650s] copying pcd2scan_slam_toolbox/can_use.py -> /home/wudi/slam/pcd2scan_slam_toolbox/build/pcd2scan_slam_toolbox/build/lib/pcd2scan_slam_toolbox
[0.650s] copying pcd2scan_slam_toolbox/ground_removal_to_scan_ros2.py -> /home/wudi/slam/pcd2scan_slam_toolbox/build/pcd2scan_slam_toolbox/build/lib/pcd2scan_slam_toolbox
[0.650s] copying pcd2scan_slam_toolbox/ground_removal_to_scan.py -> /home/wudi/slam/pcd2scan_slam_toolbox/build/pcd2scan_slam_toolbox/build/lib/pcd2scan_slam_toolbox
[0.650s] copying pcd2scan_slam_toolbox/online_utm_to_tf.py -> /home/wudi/slam/pcd2scan_slam_toolbox/build/pcd2scan_slam_toolbox/build/lib/pcd2scan_slam_toolbox
[0.650s] running install
[0.651s] running install_lib
[0.651s] creating /home/wudi/slam/pcd2scan_slam_toolbox/install/pcd2scan_slam_toolbox/lib/python3.8/site-packages/pcd2scan_slam_toolbox
[0.651s] copying /home/wudi/slam/pcd2scan_slam_toolbox/build/pcd2scan_slam_toolbox/build/lib/pcd2scan_slam_toolbox/imu_gps_logger.py -> /home/wudi/slam/pcd2scan_slam_toolbox/install/pcd2scan_slam_toolbox/lib/python3.8/site-packages/pcd2scan_slam_toolbox
[0.652s] copying /home/wudi/slam/pcd2scan_slam_toolbox/build/pcd2scan_slam_toolbox/build/lib/pcd2scan_slam_toolbox/utm_to_tf.py -> /home/wudi/slam/pcd2scan_slam_toolbox/install/pcd2scan_slam_toolbox/lib/python3.8/site-packages/pcd2scan_slam_toolbox
[0.652s] copying /home/wudi/slam/pcd2scan_slam_toolbox/build/pcd2scan_slam_toolbox/build/lib/pcd2scan_slam_toolbox/png_map_publisher.py -> /home/wudi/slam/pcd2scan_slam_toolbox/install/pcd2scan_slam_toolbox/lib/python3.8/site-packages/pcd2scan_slam_toolbox
[0.652s] copying /home/wudi/slam/pcd2scan_slam_toolbox/build/pcd2scan_slam_toolbox/build/lib/pcd2scan_slam_toolbox/astar_planner_node.py -> /home/wudi/slam/pcd2scan_slam_toolbox/install/pcd2scan_slam_toolbox/lib/python3.8/site-packages/pcd2scan_slam_toolbox
[0.652s] copying /home/wudi/slam/pcd2scan_slam_toolbox/build/pcd2scan_slam_toolbox/build/lib/pcd2scan_slam_toolbox/__init__.py -> /home/wudi/slam/pcd2scan_slam_toolbox/install/pcd2scan_slam_toolbox/lib/python3.8/site-packages/pcd2scan_slam_toolbox
[0.652s] copying /home/wudi/slam/pcd2scan_slam_toolbox/build/pcd2scan_slam_toolbox/build/lib/pcd2scan_slam_toolbox/local_path_planner_node.py -> /home/wudi/slam/pcd2scan_slam_toolbox/install/pcd2scan_slam_toolbox/lib/python3.8/site-packages/pcd2scan_slam_toolbox
[0.652s] copying /home/wudi/slam/pcd2scan_slam_toolbox/build/pcd2scan_slam_toolbox/build/lib/pcd2scan_slam_toolbox/imu_node.py -> /home/wudi/slam/pcd2scan_slam_toolbox/install/pcd2scan_slam_toolbox/lib/python3.8/site-packages/pcd2scan_slam_toolbox
[0.652s] copying /home/wudi/slam/pcd2scan_slam_toolbox/build/pcd2scan_slam_toolbox/build/lib/pcd2scan_slam_toolbox/ground_removal_to_scan_simple.py -> /home/wudi/slam/pcd2scan_slam_toolbox/install/pcd2scan_slam_toolbox/lib/python3.8/site-packages/pcd2scan_slam_toolbox
[0.652s] copying /home/wudi/slam/pcd2scan_slam_toolbox/build/pcd2scan_slam_toolbox/build/lib/pcd2scan_slam_toolbox/old_time_ground_removal_to_scan_simple.py -> /home/wudi/slam/pcd2scan_slam_toolbox/install/pcd2scan_slam_toolbox/lib/python3.8/site-packages/pcd2scan_slam_toolbox
[0.652s] copying /home/wudi/slam/pcd2scan_slam_toolbox/build/pcd2scan_slam_toolbox/build/lib/pcd2scan_slam_toolbox/offline_utm_to_tf.py -> /home/wudi/slam/pcd2scan_slam_toolbox/install/pcd2scan_slam_toolbox/lib/python3.8/site-packages/pcd2scan_slam_toolbox
[0.652s] copying /home/wudi/slam/pcd2scan_slam_toolbox/build/pcd2scan_slam_toolbox/build/lib/pcd2scan_slam_toolbox/can_use.py -> /home/wudi/slam/pcd2scan_slam_toolbox/install/pcd2scan_slam_toolbox/lib/python3.8/site-packages/pcd2scan_slam_toolbox
[0.652s] copying /home/wudi/slam/pcd2scan_slam_toolbox/build/pcd2scan_slam_toolbox/build/lib/pcd2scan_slam_toolbox/ground_removal_to_scan_ros2.py -> /home/wudi/slam/pcd2scan_slam_toolbox/install/pcd2scan_slam_toolbox/lib/python3.8/site-packages/pcd2scan_slam_toolbox
[0.652s] copying /home/wudi/slam/pcd2scan_slam_toolbox/build/pcd2scan_slam_toolbox/build/lib/pcd2scan_slam_toolbox/ground_removal_to_scan.py -> /home/wudi/slam/pcd2scan_slam_toolbox/install/pcd2scan_slam_toolbox/lib/python3.8/site-packages/pcd2scan_slam_toolbox
[0.652s] copying /home/wudi/slam/pcd2scan_slam_toolbox/build/pcd2scan_slam_toolbox/build/lib/pcd2scan_slam_toolbox/online_utm_to_tf.py -> /home/wudi/slam/pcd2scan_slam_toolbox/install/pcd2scan_slam_toolbox/lib/python3.8/site-packages/pcd2scan_slam_toolbox
[0.652s] byte-compiling /home/wudi/slam/pcd2scan_slam_toolbox/install/pcd2scan_slam_toolbox/lib/python3.8/site-packages/pcd2scan_slam_toolbox/imu_gps_logger.py to imu_gps_logger.cpython-38.pyc
[0.654s] byte-compiling /home/wudi/slam/pcd2scan_slam_toolbox/install/pcd2scan_slam_toolbox/lib/python3.8/site-packages/pcd2scan_slam_toolbox/utm_to_tf.py to utm_to_tf.cpython-38.pyc
[0.654s] byte-compiling /home/wudi/slam/pcd2scan_slam_toolbox/install/pcd2scan_slam_toolbox/lib/python3.8/site-packages/pcd2scan_slam_toolbox/png_map_publisher.py to png_map_publisher.cpython-38.pyc
[0.654s] byte-compiling /home/wudi/slam/pcd2scan_slam_toolbox/install/pcd2scan_slam_toolbox/lib/python3.8/site-packages/pcd2scan_slam_toolbox/astar_planner_node.py to astar_planner_node.cpython-38.pyc
[0.657s] byte-compiling /home/wudi/slam/pcd2scan_slam_toolbox/install/pcd2scan_slam_toolbox/lib/python3.8/site-packages/pcd2scan_slam_toolbox/__init__.py to __init__.cpython-38.pyc
[0.657s] byte-compiling /home/wudi/slam/pcd2scan_slam_toolbox/install/pcd2scan_slam_toolbox/lib/python3.8/site-packages/pcd2scan_slam_toolbox/local_path_planner_node.py to local_path_planner_node.cpython-38.pyc
[0.659s] byte-compiling /home/wudi/slam/pcd2scan_slam_toolbox/install/pcd2scan_slam_toolbox/lib/python3.8/site-packages/pcd2scan_slam_toolbox/imu_node.py to imu_node.cpython-38.pyc
[0.660s] byte-compiling /home/wudi/slam/pcd2scan_slam_toolbox/install/pcd2scan_slam_toolbox/lib/python3.8/site-packages/pcd2scan_slam_toolbox/ground_removal_to_scan_simple.py to ground_removal_to_scan_simple.cpython-38.pyc
[0.660s] byte-compiling /home/wudi/slam/pcd2scan_slam_toolbox/install/pcd2scan_slam_toolbox/lib/python3.8/site-packages/pcd2scan_slam_toolbox/old_time_ground_removal_to_scan_simple.py to old_time_ground_removal_to_scan_simple.cpython-38.pyc
[0.661s] byte-compiling /home/wudi/slam/pcd2scan_slam_toolbox/install/pcd2scan_slam_toolbox/lib/python3.8/site-packages/pcd2scan_slam_toolbox/offline_utm_to_tf.py to offline_utm_to_tf.cpython-38.pyc
[0.662s] byte-compiling /home/wudi/slam/pcd2scan_slam_toolbox/install/pcd2scan_slam_toolbox/lib/python3.8/site-packages/pcd2scan_slam_toolbox/can_use.py to can_use.cpython-38.pyc
[0.662s] byte-compiling /home/wudi/slam/pcd2scan_slam_toolbox/install/pcd2scan_slam_toolbox/lib/python3.8/site-packages/pcd2scan_slam_toolbox/ground_removal_to_scan_ros2.py to ground_removal_to_scan_ros2.cpython-38.pyc
[0.663s] byte-compiling /home/wudi/slam/pcd2scan_slam_toolbox/install/pcd2scan_slam_toolbox/lib/python3.8/site-packages/pcd2scan_slam_toolbox/ground_removal_to_scan.py to ground_removal_to_scan.cpython-38.pyc
[0.664s] byte-compiling /home/wudi/slam/pcd2scan_slam_toolbox/install/pcd2scan_slam_toolbox/lib/python3.8/site-packages/pcd2scan_slam_toolbox/online_utm_to_tf.py to online_utm_to_tf.cpython-38.pyc
[0.665s] running install_data
[0.665s] creating /home/wudi/slam/pcd2scan_slam_toolbox/install/pcd2scan_slam_toolbox/share/ament_index
[0.665s] creating /home/wudi/slam/pcd2scan_slam_toolbox/install/pcd2scan_slam_toolbox/share/ament_index/resource_index
[0.665s] creating /home/wudi/slam/pcd2scan_slam_toolbox/install/pcd2scan_slam_toolbox/share/ament_index/resource_index/packages
[0.665s] copying resource/pcd2scan_slam_toolbox -> /home/wudi/slam/pcd2scan_slam_toolbox/install/pcd2scan_slam_toolbox/share/ament_index/resource_index/packages
[0.665s] copying package.xml -> /home/wudi/slam/pcd2scan_slam_toolbox/install/pcd2scan_slam_toolbox/share/pcd2scan_slam_toolbox
[0.665s] running install_egg_info
[0.666s] Copying build/pcd2scan_slam_toolbox/pcd2scan_slam_toolbox.egg-info to /home/wudi/slam/pcd2scan_slam_toolbox/install/pcd2scan_slam_toolbox/lib/python3.8/site-packages/pcd2scan_slam_toolbox-0.0.0-py3.8.egg-info
[0.666s] running install_scripts
[0.677s] Installing astar_planner_node script to /home/wudi/slam/pcd2scan_slam_toolbox/install/pcd2scan_slam_toolbox/lib/pcd2scan_slam_toolbox
[0.677s] Installing ground_removal_to_scan script to /home/wudi/slam/pcd2scan_slam_toolbox/install/pcd2scan_slam_toolbox/lib/pcd2scan_slam_toolbox
[0.677s] Installing ground_removal_to_scan_ros2 script to /home/wudi/slam/pcd2scan_slam_toolbox/install/pcd2scan_slam_toolbox/lib/pcd2scan_slam_toolbox
[0.677s] Installing imu_gps_logger script to /home/wudi/slam/pcd2scan_slam_toolbox/install/pcd2scan_slam_toolbox/lib/pcd2scan_slam_toolbox
[0.677s] Installing local_path_planner_node script to /home/wudi/slam/pcd2scan_slam_toolbox/install/pcd2scan_slam_toolbox/lib/pcd2scan_slam_toolbox
[0.677s] Installing offline_utm_to_tf script to /home/wudi/slam/pcd2scan_slam_toolbox/install/pcd2scan_slam_toolbox/lib/pcd2scan_slam_toolbox
[0.677s] Installing old_simple_ground_removal_to_scan script to /home/wudi/slam/pcd2scan_slam_toolbox/install/pcd2scan_slam_toolbox/lib/pcd2scan_slam_toolbox
[0.677s] Installing online_utm_to_tf script to /home/wudi/slam/pcd2scan_slam_toolbox/install/pcd2scan_slam_toolbox/lib/pcd2scan_slam_toolbox
[0.677s] Installing png_map_publisher script to /home/wudi/slam/pcd2scan_slam_toolbox/install/pcd2scan_slam_toolbox/lib/pcd2scan_slam_toolbox
[0.677s] Installing publish_imu script to /home/wudi/slam/pcd2scan_slam_toolbox/install/pcd2scan_slam_toolbox/lib/pcd2scan_slam_toolbox
[0.677s] Installing simple_ground_removal_to_scan script to /home/wudi/slam/pcd2scan_slam_toolbox/install/pcd2scan_slam_toolbox/lib/pcd2scan_slam_toolbox
[0.677s] Installing utm_to_tf script to /home/wudi/slam/pcd2scan_slam_toolbox/install/pcd2scan_slam_toolbox/lib/pcd2scan_slam_toolbox
[0.677s] writing list of installed files to '/home/wudi/slam/pcd2scan_slam_toolbox/build/pcd2scan_slam_toolbox/install.log'
[0.691s] Invoked command in '/home/wudi/slam/pcd2scan_slam_toolbox' returned '0': PYTHONPATH=/home/wudi/slam/pcd2scan_slam_toolbox/build/pcd2scan_slam_toolbox/prefix_override:/usr/lib/python3/dist-packages/colcon_core/task/python/colcon_distutils_commands:/home/wudi/slam/pcd2scan_slam_toolbox/install/pcd2scan_slam_toolbox/lib/python3.8/site-packages:${PYTHONPATH} /usr/bin/python3 -W ignore:setup.py install is deprecated -W ignore:easy_install command is deprecated setup.py egg_info --egg-base build/pcd2scan_slam_toolbox build --build-base /home/wudi/slam/pcd2scan_slam_toolbox/build/pcd2scan_slam_toolbox/build install --record /home/wudi/slam/pcd2scan_slam_toolbox/build/pcd2scan_slam_toolbox/install.log --install-scripts $base/lib/pcd2scan_slam_toolbox --single-version-externally-managed install_data
