[1.872s] Invoking command in '/home/nvidia/vcii/wudi/pcd2scan_slam_toolbox': PYTHONPATH=/home/nvidia/vcii/wudi/pcd2scan_slam_toolbox/build/pcd2scan_slam_toolbox/prefix_override:/home/nvidia/vcii/wudi/pcd2scan_slam_toolbox/install/pcd2scan_slam_toolbox/lib/python3.8/site-packages:${PYTHONPATH} /usr/bin/python3 setup.py egg_info --egg-base build/pcd2scan_slam_toolbox build --build-base /home/nvidia/vcii/wudi/pcd2scan_slam_toolbox/build/pcd2scan_slam_toolbox/build install --record /home/nvidia/vcii/wudi/pcd2scan_slam_toolbox/build/pcd2scan_slam_toolbox/install.log --install-scripts $base/lib/pcd2scan_slam_toolbox --single-version-externally-managed
[2.215s] running egg_info
[2.215s] writing build/pcd2scan_slam_toolbox/pcd2scan_slam_toolbox.egg-info/PKG-INFO
[2.216s] writing dependency_links to build/pcd2scan_slam_toolbox/pcd2scan_slam_toolbox.egg-info/dependency_links.txt
[2.216s] writing entry points to build/pcd2scan_slam_toolbox/pcd2scan_slam_toolbox.egg-info/entry_points.txt
[2.216s] writing requirements to build/pcd2scan_slam_toolbox/pcd2scan_slam_toolbox.egg-info/requires.txt
[2.216s] writing top-level names to build/pcd2scan_slam_toolbox/pcd2scan_slam_toolbox.egg-info/top_level.txt
[2.263s] reading manifest file 'build/pcd2scan_slam_toolbox/pcd2scan_slam_toolbox.egg-info/SOURCES.txt'
[2.264s] writing manifest file 'build/pcd2scan_slam_toolbox/pcd2scan_slam_toolbox.egg-info/SOURCES.txt'
[2.264s] running build
[2.264s] running build_py
[2.265s] copying pcd2scan_slam_toolbox/imu_node.py -> /home/nvidia/vcii/wudi/pcd2scan_slam_toolbox/build/pcd2scan_slam_toolbox/build/lib/pcd2scan_slam_toolbox
[2.266s] running install
[2.267s] running install_lib
[2.268s] copying /home/nvidia/vcii/wudi/pcd2scan_slam_toolbox/build/pcd2scan_slam_toolbox/build/lib/pcd2scan_slam_toolbox/imu_node.py -> /home/nvidia/vcii/wudi/pcd2scan_slam_toolbox/install/pcd2scan_slam_toolbox/lib/python3.8/site-packages/pcd2scan_slam_toolbox
[2.270s] byte-compiling /home/nvidia/vcii/wudi/pcd2scan_slam_toolbox/install/pcd2scan_slam_toolbox/lib/python3.8/site-packages/pcd2scan_slam_toolbox/imu_node.py to imu_node.cpython-38.pyc
[2.273s] running install_data
[2.274s] running install_egg_info
[2.278s] removing '/home/nvidia/vcii/wudi/pcd2scan_slam_toolbox/install/pcd2scan_slam_toolbox/lib/python3.8/site-packages/pcd2scan_slam_toolbox-0.0.0-py3.8.egg-info' (and everything under it)
[2.278s] Copying build/pcd2scan_slam_toolbox/pcd2scan_slam_toolbox.egg-info to /home/nvidia/vcii/wudi/pcd2scan_slam_toolbox/install/pcd2scan_slam_toolbox/lib/python3.8/site-packages/pcd2scan_slam_toolbox-0.0.0-py3.8.egg-info
[2.280s] running install_scripts
[2.306s] Installing ground_removal_to_scan script to /home/nvidia/vcii/wudi/pcd2scan_slam_toolbox/install/pcd2scan_slam_toolbox/lib/pcd2scan_slam_toolbox
[2.307s] Installing ground_removal_to_scan_ros2 script to /home/nvidia/vcii/wudi/pcd2scan_slam_toolbox/install/pcd2scan_slam_toolbox/lib/pcd2scan_slam_toolbox
[2.307s] Installing old_simple_ground_removal_to_scan script to /home/nvidia/vcii/wudi/pcd2scan_slam_toolbox/install/pcd2scan_slam_toolbox/lib/pcd2scan_slam_toolbox
[2.308s] Installing publish_imu script to /home/nvidia/vcii/wudi/pcd2scan_slam_toolbox/install/pcd2scan_slam_toolbox/lib/pcd2scan_slam_toolbox
[2.308s] Installing simple_ground_removal_to_scan script to /home/nvidia/vcii/wudi/pcd2scan_slam_toolbox/install/pcd2scan_slam_toolbox/lib/pcd2scan_slam_toolbox
[2.308s] Installing utm_to_tf script to /home/nvidia/vcii/wudi/pcd2scan_slam_toolbox/install/pcd2scan_slam_toolbox/lib/pcd2scan_slam_toolbox
[2.308s] writing list of installed files to '/home/nvidia/vcii/wudi/pcd2scan_slam_toolbox/build/pcd2scan_slam_toolbox/install.log'
[2.364s] Invoked command in '/home/nvidia/vcii/wudi/pcd2scan_slam_toolbox' returned '0': PYTHONPATH=/home/nvidia/vcii/wudi/pcd2scan_slam_toolbox/build/pcd2scan_slam_toolbox/prefix_override:/home/nvidia/vcii/wudi/pcd2scan_slam_toolbox/install/pcd2scan_slam_toolbox/lib/python3.8/site-packages:${PYTHONPATH} /usr/bin/python3 setup.py egg_info --egg-base build/pcd2scan_slam_toolbox build --build-base /home/nvidia/vcii/wudi/pcd2scan_slam_toolbox/build/pcd2scan_slam_toolbox/build install --record /home/nvidia/vcii/wudi/pcd2scan_slam_toolbox/build/pcd2scan_slam_toolbox/install.log --install-scripts $base/lib/pcd2scan_slam_toolbox --single-version-externally-managed
